[debug] [2018-04-15T16:08:43.521Z] ----------------------------------------------------------------------
[debug] [2018-04-15T16:08:43.526Z] Command:       C:\Program Files\nodejs\node.exe C:\Users\andile\AppData\Roaming\npm\node_modules\firebase-tools\bin\firebase serve
[debug] [2018-04-15T16:08:43.526Z] CLI Version:   3.18.2
[debug] [2018-04-15T16:08:43.526Z] Platform:      win32
[debug] [2018-04-15T16:08:43.526Z] Node Version:  v8.10.0
[debug] [2018-04-15T16:08:43.527Z] Time:          Sun Apr 15 2018 18:08:43 GMT+0200 (South Africa Standard Time)
[debug] [2018-04-15T16:08:43.527Z] ----------------------------------------------------------------------
[debug] 
[debug] [2018-04-15T16:08:43.602Z] > command requires scopes: ["email","openid","https://www.googleapis.com/auth/cloudplatformprojects.readonly","https://www.googleapis.com/auth/firebase","https://www.googleapis.com/auth/cloud-platform"]
[debug] [2018-04-15T16:08:43.607Z] > authorizing via signed-in user
[debug] [2018-04-15T16:08:43.614Z] > refreshing access token with scopes: ["email","https://www.googleapis.com/auth/cloud-platform","https://www.googleapis.com/auth/cloudplatformprojects.readonly","https://www.googleapis.com/auth/firebase","openid"]
[debug] [2018-04-15T16:08:43.614Z] >>> HTTP REQUEST POST https://www.googleapis.com/oauth2/v3/token  
 { refresh_token: '1/Zffo_ruSXxXfwNL3XquIZEjeOLozXrhygxl1U-0DYEc',
  client_id: '563584335869-fgrhgmd47bqnekij5i8b5pr03ho849e6.apps.googleusercontent.com',
  client_secret: 'j9iVZfS8kkCEFUPaAeJV0sAi',
  grant_type: 'refresh_token',
  scope: 'email https://www.googleapis.com/auth/cloud-platform https://www.googleapis.com/auth/cloudplatformprojects.readonly https://www.googleapis.com/auth/firebase openid' } 
 Sun Apr 15 2018 18:08:43 GMT+0200 (South Africa Standard Time)
[debug] [2018-04-15T16:08:44.286Z] <<< HTTP RESPONSE 200
[debug] [2018-04-15T16:08:44.299Z] >>> HTTP REQUEST GET https://admin.firebase.com/v1/projects/angularjs-auth-df5a7  
  
 Sun Apr 15 2018 18:08:44 GMT+0200 (South Africa Standard Time)
[debug] [2018-04-15T16:08:46.139Z] <<< HTTP RESPONSE 200
[debug] [2018-04-15T16:08:46.140Z] >>> HTTP REQUEST GET https://admin.firebase.com/v1/database/angularjs-auth-df5a7/tokens  
  
 Sun Apr 15 2018 18:08:46 GMT+0200 (South Africa Standard Time)
[debug] [2018-04-15T16:08:47.331Z] <<< HTTP RESPONSE 200
[debug] [2018-04-15T16:08:47.332Z] >>> HTTP REQUEST GET https://cloudresourcemanager.googleapis.com/v1/projects/angularjs-auth-df5a7  
  
 Sun Apr 15 2018 18:08:47 GMT+0200 (South Africa Standard Time)
[debug] [2018-04-15T16:08:49.398Z] <<< HTTP RESPONSE 200
[info] 
[info] === Serving from 'C:\Users\andile\projects'...
[info] 
[debug] [2018-04-15T16:08:49.405Z] >>> HTTP REQUEST GET https://mobilesdk-pa.googleapis.com/v1/projects/794850431696/clients/_:getWebAppConfig  
  
 Sun Apr 15 2018 18:08:49 GMT+0200 (South Africa Standard Time)
[debug] [2018-04-15T16:08:50.522Z] <<< HTTP RESPONSE 200
[info] i  hosting: Serving hosting files from: public
[info] +  hosting: Local server: http://localhost:5000

